<!DOCTYPE html PUBLIC '-//W3C//DTD XHTML 1.1//EN' 'http://www.w3.org/TR/xhtml11/DTD/xhtml11.dtd'>
<html xmlns='http://www.w3.org/1999/xhtml'>
<head>
<meta http-equiv='content-type' content='text/html; charset=UTF-8'/>
<title>TestNG Report</title>
<link rel='stylesheet' href='https://maxcdn.bootstrapcdn.com/bootstrap/4.0.0/css/bootstrap.min.css'>
<style type='text/css'>table {margin-bottom:10px;border-collapse:collapse;empty-cells:show}#summary {margin-top:30px}h1 {font-size:30px}body {width:100%;}th,td {padding: 8px}th {vertical-align:bottom}td {vertical-align:top}table a {font-weight:bold;color:#0D1EB6;}.easy-overview {margin-left: auto; margin-right: auto;} .easy-test-overview tr:first-child {background-color:#D3D3D3}.stripe td {background-color: #E6EBF9}.num {text-align:right}.passedodd td {background-color: #3F3}.passedeven td {background-color: #0A0}.skippedodd td {background-color: #DDD}.skippedeven td {background-color: #CCC}.failedodd td,.attn {background-color: #F33}.failedeven td,.stripe .attn {background-color: #D00}.stacktrace {font-family:monospace}.totop {font-size:85%;text-align:center;border-bottom:2px solid #000}.invisible {display:none}</style>
</head>
<body>
<center><h1>TestNG Customized Report - 14-Sep-2021:22.53.44</h1></center>
<div class='easy-test-overview'>
<table class='table-bordered easy-overview'>
<tr><th>Test</th><th># No</th><th># Passed</th><th># Skipped</th><th># Failed</th><th>Included Groups</th><th>Excluded Groups</th><th># Browser</th><th># Start Time</th><th># End Time</th><th># Total<br/>Time(hh:mm:ss)</th></tr>
<tr><th colspan='11'>DND Beyond Tests</th></tr>
<tr><td><a href='#t'0'>'Regression</a></td><td class=''num>19</td><td class=''num>11</td><td class=''num>0</td><td class=''num attn>8</td><td></td><td></td><td class=''num>10:53:18 PM</td><td class=''num>10:53:44 PM</td><td class=''num>00:00:25</td></tr>
</table>
</div>
<div class='easy-test-summary'><table class='table-bordered' id='summary'><thead><tr><th>Class</th><th>Method</th><th>Short Exception</th><th>Screenshot</th><th>Start Time</th><th>End Time</th></tr></thead><tbody><tr><th colspan='6'>DND Beyond Tests</th></tr></tbody><tbody id='t0'><tr><th colspan='6'>Regression &#8212; failed</th></tr><tr class=''failedeven'>'<td rowspan=''4'>'portfolio.testng.tests.test_ContactSection</td><td><a href='#m'0'>'validate_email</a></td><td rowspan='''>'java.lang.AssertionError: expected [cjcopeland20@gmail.com] but found [[[ChromeDriver: chrome on WINDOWS (1ac1a72043384d6d1bc952cfadc51db4)] -&gt; xpath: //*[@id=&quot;contact&quot;]/div/div[2]/div[1]/div/div[4]/p]]</td><td rowspan='''>'</td><td rowspan='''>'10:53:31 PM</td><td rowspan='''>'10:53:31 PM</td></tr><tr class=''failedeven'>'<td><a href='#m'1'>'validate_githubLink</a></td><td rowspan='''>'java.lang.AssertionError: expected [Github] but found [[[ChromeDriver: chrome on WINDOWS (bf3cf99daa78941b00c2ede98d68b5bf)] -&gt; xpath: //*[@id=&quot;contact&quot;]/div/div[2]/div[1]/div/div[1]/a/h4]]</td><td rowspan='''>'</td><td rowspan='''>'10:53:31 PM</td><td rowspan='''>'10:53:31 PM</td></tr><tr class=''failedeven'>'<td><a href='#m'2'>'validate_linkedInLink</a></td><td rowspan='''>'java.lang.AssertionError: expected [LinkedIn] but found [[[ChromeDriver: chrome on WINDOWS (6d712d2ada8c1cff39f58f7dc6bd445c)] -&gt; xpath: //*[@id=&quot;contact&quot;]/div/div[2]/div[1]/div/div[2]/a/h4]]</td><td rowspan='''>'</td><td rowspan='''>'10:53:31 PM</td><td rowspan='''>'10:53:31 PM</td></tr><tr class=''failedeven'>'<td><a href='#m'3'>'validate_twitterLink</a></td><td rowspan='''>'java.lang.AssertionError: expected [Twitter] but found [[[ChromeDriver: chrome on WINDOWS (d3675d43ff92f339abdafb4eea96ed4a)] -&gt; xpath: //*[@id=&quot;contact&quot;]/div/div[2]/div[1]/div/div[3]/a/h4]]</td><td rowspan='''>'</td><td rowspan='''>'10:53:34 PM</td><td rowspan='''>'10:53:34 PM</td></tr><tr class=''failedodd'>'<td rowspan=''1'>'portfolio.testng.tests.test_HomeSection</td><td><a href='#m'4'>'validate_linkedInButton</a></td><td rowspan='''>'java.lang.AssertionError: expected [https://www.linkedin.com/in/christopher-copeland-3aa599180/] but found [https://www.linkedin.com/checkpoint/challengesV2/AQFYw-2_MYoTXAAAAXvnX4Sux77Q0_-XGPQC8jCjbnSloTQhLymeIp6nGfF_QmX_RWh1iHMdd4yP4kGn_psn8NkC4GblQGJ3jQ?original_referer=https%3A%2F%2Fchriscopeland.tech%2F]</td><td rowspan='''>'</td><td rowspan='''>'10:53:22 PM</td><td rowspan='''>'10:53:26 PM</td></tr><tr class=''failedeven'>'<td rowspan=''3'>'portfolio.testng.tests.test_ProjectsSection</td><td><a href='#m'5'>'validate_socialMediaCoreProjectCard</a></td><td rowspan='''>'java.lang.AssertionError: Portfolio project image is present expected [true] but found [false]</td><td rowspan='''>'</td><td rowspan='''>'10:53:35 PM</td><td rowspan='''>'10:53:35 PM</td></tr><tr class=''failedeven'>'<td><a href='#m'6'>'validate_sudokuProjectCard</a></td><td rowspan='''>'java.lang.AssertionError: Portfolio project image is present expected [true] but found [false]</td><td rowspan='''>'</td><td rowspan='''>'10:53:35 PM</td><td rowspan='''>'10:53:35 PM</td></tr><tr class=''failedeven'>'<td><a href='#m'7'>'validate_testngRegressionProjectCard</a></td><td rowspan='''>'java.lang.AssertionError: Portfolio project image is present expected [true] but found [false]</td><td rowspan='''>'</td><td rowspan='''>'10:53:37 PM</td><td rowspan='''>'10:53:38 PM</td></tr><tr><th colspan='6'>Regression &#8212; passed</th></tr><tr class=''passedeven'>'<td rowspan=''4'>'portfolio.testng.tests.test_AboutSection</td><td><a href='#m'8'>'validate_aboutPageImage</a></td><td rowspan='''>'</td><td rowspan='''>'</td><td rowspan='''>'10:53:26 PM</td><td rowspan='''>'10:53:26 PM</td></tr><tr class=''passedeven'>'<td><a href='#m'9'>'validate_paragraph1</a></td><td rowspan='''>'</td><td rowspan='''>'</td><td rowspan='''>'10:53:26 PM</td><td rowspan='''>'10:53:26 PM</td></tr><tr class=''passedeven'>'<td><a href='#m'10'>'validate_paragraph2</a></td><td rowspan='''>'</td><td rowspan='''>'</td><td rowspan='''>'10:53:27 PM</td><td rowspan='''>'10:53:27 PM</td></tr><tr class=''passedeven'>'<td><a href='#m'11'>'validate_paragraph3</a></td><td rowspan='''>'</td><td rowspan='''>'</td><td rowspan='''>'10:53:30 PM</td><td rowspan='''>'10:53:30 PM</td></tr><tr class=''passedodd'>'<td rowspan=''1'>'portfolio.testng.tests.test_ContactSection</td><td><a href='#m'12'>'validate_contactForm</a></td><td rowspan='''>'</td><td rowspan='''>'</td><td rowspan='''>'10:53:30 PM</td><td rowspan='''>'10:53:44 PM</td></tr><tr class=''passedeven'>'<td rowspan=''4'>'portfolio.testng.tests.test_HomeSection</td><td><a href='#m'13'>'validate_Title</a></td><td rowspan='''>'</td><td rowspan='''>'</td><td rowspan='''>'10:53:22 PM</td><td rowspan='''>'10:53:22 PM</td></tr><tr class=''passedeven'>'<td><a href='#m'14'>'validate_githubButton</a></td><td rowspan='''>'</td><td rowspan='''>'</td><td rowspan='''>'10:53:23 PM</td><td rowspan='''>'10:53:25 PM</td></tr><tr class=''passedeven'>'<td><a href='#m'15'>'validate_navbarButtons</a></td><td rowspan='''>'</td><td rowspan='''>'</td><td rowspan='''>'10:53:23 PM</td><td rowspan='''>'10:53:23 PM</td></tr><tr class=''passedeven'>'<td><a href='#m'16'>'validate_profilePic</a></td><td rowspan='''>'</td><td rowspan='''>'</td><td rowspan='''>'10:53:23 PM</td><td rowspan='''>'10:53:23 PM</td></tr><tr class=''passedodd'>'<td rowspan=''1'>'portfolio.testng.tests.test_ProjectsSection</td><td><a href='#m'17'>'validate_portfolioProjectCard</a></td><td rowspan='''>'</td><td rowspan='''>'</td><td rowspan='''>'10:53:35 PM</td><td rowspan='''>'10:53:36 PM</td></tr><tr class=''passedeven'>'<td rowspan=''1'>'portfolio.testng.tests.test_SkillsSection</td><td><a href='#m'18'>'skills_page_test</a></td><td rowspan='''>'</td><td rowspan='''>'</td><td rowspan='''>'10:53:38 PM</td><td rowspan='''>'10:53:38 PM</td></tr></tbody>
</table>
</div>
<h2>Regression</h2><h3 id='m'0'>'portfolio.testng.tests.test_ContactSection#validate_email</h3><table class='table-bordered result'><tr><th>Exception</th></tr><tr><td><div class='stacktrace'>java.lang.AssertionError: expected [cjcopeland20@gmail.com] but found [[[ChromeDriver: chrome on WINDOWS (1ac1a72043384d6d1bc952cfadc51db4)] -&gt; xpath: //*[@id=&quot;contact&quot;]/div/div[2]/div[1]/div/div[4]/p]]
	at portfolio.testng.tests.test_ContactSection.validate_email(test_ContactSection.java:71)
	at java.base/java.util.concurrent.ThreadPoolExecutor.runWorker(ThreadPoolExecutor.java:1128)
	at java.base/java.util.concurrent.ThreadPoolExecutor$Worker.run(ThreadPoolExecutor.java:628)
	at java.base/java.lang.Thread.run(Thread.java:834)
... Removed 17 stack frames</div></td></tr></table><p class='totop'><a href='#summary'>back to summary</a></p>
<h3 id='m'1'>'portfolio.testng.tests.test_ContactSection#validate_githubLink</h3><table class='table-bordered result'><tr><th>Exception</th></tr><tr><td><div class='stacktrace'>java.lang.AssertionError: expected [Github] but found [[[ChromeDriver: chrome on WINDOWS (bf3cf99daa78941b00c2ede98d68b5bf)] -&gt; xpath: //*[@id=&quot;contact&quot;]/div/div[2]/div[1]/div/div[1]/a/h4]]
	at portfolio.testng.tests.test_ContactSection.validate_githubLink(test_ContactSection.java:17)
	at java.base/java.util.concurrent.ThreadPoolExecutor.runWorker(ThreadPoolExecutor.java:1128)
	at java.base/java.util.concurrent.ThreadPoolExecutor$Worker.run(ThreadPoolExecutor.java:628)
	at java.base/java.lang.Thread.run(Thread.java:834)
... Removed 17 stack frames</div></td></tr></table><p class='totop'><a href='#summary'>back to summary</a></p>
<h3 id='m'2'>'portfolio.testng.tests.test_ContactSection#validate_linkedInLink</h3><table class='table-bordered result'><tr><th>Exception</th></tr><tr><td><div class='stacktrace'>java.lang.AssertionError: expected [LinkedIn] but found [[[ChromeDriver: chrome on WINDOWS (6d712d2ada8c1cff39f58f7dc6bd445c)] -&gt; xpath: //*[@id=&quot;contact&quot;]/div/div[2]/div[1]/div/div[2]/a/h4]]
	at portfolio.testng.tests.test_ContactSection.validate_linkedInLink(test_ContactSection.java:35)
	at java.base/java.util.concurrent.ThreadPoolExecutor.runWorker(ThreadPoolExecutor.java:1128)
	at java.base/java.util.concurrent.ThreadPoolExecutor$Worker.run(ThreadPoolExecutor.java:628)
	at java.base/java.lang.Thread.run(Thread.java:834)
... Removed 17 stack frames</div></td></tr></table><p class='totop'><a href='#summary'>back to summary</a></p>
<h3 id='m'3'>'portfolio.testng.tests.test_ContactSection#validate_twitterLink</h3><table class='table-bordered result'><tr><th>Exception</th></tr><tr><td><div class='stacktrace'>java.lang.AssertionError: expected [Twitter] but found [[[ChromeDriver: chrome on WINDOWS (d3675d43ff92f339abdafb4eea96ed4a)] -&gt; xpath: //*[@id=&quot;contact&quot;]/div/div[2]/div[1]/div/div[3]/a/h4]]
	at portfolio.testng.tests.test_ContactSection.validate_twitterLink(test_ContactSection.java:53)
	at java.base/java.util.concurrent.ThreadPoolExecutor.runWorker(ThreadPoolExecutor.java:1128)
	at java.base/java.util.concurrent.ThreadPoolExecutor$Worker.run(ThreadPoolExecutor.java:628)
	at java.base/java.lang.Thread.run(Thread.java:834)
... Removed 17 stack frames</div></td></tr></table><p class='totop'><a href='#summary'>back to summary</a></p>
<h3 id='m'4'>'portfolio.testng.tests.test_HomeSection#validate_linkedInButton</h3><table class='table-bordered result'><tr><th>Exception</th></tr><tr><td><div class='stacktrace'>java.lang.AssertionError: expected [https://www.linkedin.com/in/christopher-copeland-3aa599180/] but found [https://www.linkedin.com/checkpoint/challengesV2/AQFYw-2_MYoTXAAAAXvnX4Sux77Q0_-XGPQC8jCjbnSloTQhLymeIp6nGfF_QmX_RWh1iHMdd4yP4kGn_psn8NkC4GblQGJ3jQ?original_referer=https%3A%2F%2Fchriscopeland.tech%2F]
	at portfolio.testng.tests.test_HomeSection.validate_linkedInButton(test_HomeSection.java:41)
	at java.base/java.util.concurrent.ThreadPoolExecutor.runWorker(ThreadPoolExecutor.java:1128)
	at java.base/java.util.concurrent.ThreadPoolExecutor$Worker.run(ThreadPoolExecutor.java:628)
	at java.base/java.lang.Thread.run(Thread.java:834)
... Removed 18 stack frames</div></td></tr></table><p class='totop'><a href='#summary'>back to summary</a></p>
<h3 id='m'5'>'portfolio.testng.tests.test_ProjectsSection#validate_socialMediaCoreProjectCard</h3><table class='table-bordered result'><tr><th>Exception</th></tr><tr><td><div class='stacktrace'>java.lang.AssertionError: Portfolio project image is present expected [true] but found [false]
	at portfolio.testng.tests.test_ProjectsSection.validate_socialMediaCoreProjectCard(test_ProjectsSection.java:53)
	at java.base/java.util.concurrent.ThreadPoolExecutor.runWorker(ThreadPoolExecutor.java:1128)
	at java.base/java.util.concurrent.ThreadPoolExecutor$Worker.run(ThreadPoolExecutor.java:628)
	at java.base/java.lang.Thread.run(Thread.java:834)
... Removed 15 stack frames</div></td></tr></table><p class='totop'><a href='#summary'>back to summary</a></p>
<h3 id='m'6'>'portfolio.testng.tests.test_ProjectsSection#validate_sudokuProjectCard</h3><table class='table-bordered result'><tr><th>Exception</th></tr><tr><td><div class='stacktrace'>java.lang.AssertionError: Portfolio project image is present expected [true] but found [false]
	at portfolio.testng.tests.test_ProjectsSection.validate_sudokuProjectCard(test_ProjectsSection.java:83)
	at java.base/java.util.concurrent.ThreadPoolExecutor.runWorker(ThreadPoolExecutor.java:1128)
	at java.base/java.util.concurrent.ThreadPoolExecutor$Worker.run(ThreadPoolExecutor.java:628)
	at java.base/java.lang.Thread.run(Thread.java:834)
... Removed 15 stack frames</div></td></tr></table><p class='totop'><a href='#summary'>back to summary</a></p>
<h3 id='m'7'>'portfolio.testng.tests.test_ProjectsSection#validate_testngRegressionProjectCard</h3><table class='table-bordered result'><tr><th>Exception</th></tr><tr><td><div class='stacktrace'>java.lang.AssertionError: Portfolio project image is present expected [true] but found [false]
	at portfolio.testng.tests.test_ProjectsSection.validate_testngRegressionProjectCard(test_ProjectsSection.java:113)
	at java.base/java.util.concurrent.ThreadPoolExecutor.runWorker(ThreadPoolExecutor.java:1128)
	at java.base/java.util.concurrent.ThreadPoolExecutor$Worker.run(ThreadPoolExecutor.java:628)
	at java.base/java.lang.Thread.run(Thread.java:834)
... Removed 15 stack frames</div></td></tr></table><p class='totop'><a href='#summary'>back to summary</a></p>
<h3 id='m'8'>'portfolio.testng.tests.test_AboutSection#validate_aboutPageImage</h3><table class='table-bordered result'><tr><th class='invisible'/></tr></table><p class='totop'><a href='#summary'>back to summary</a></p>
<h3 id='m'9'>'portfolio.testng.tests.test_AboutSection#validate_paragraph1</h3><table class='table-bordered result'><tr><th class='invisible'/></tr></table><p class='totop'><a href='#summary'>back to summary</a></p>
<h3 id='m'10'>'portfolio.testng.tests.test_AboutSection#validate_paragraph2</h3><table class='table-bordered result'><tr><th class='invisible'/></tr></table><p class='totop'><a href='#summary'>back to summary</a></p>
<h3 id='m'11'>'portfolio.testng.tests.test_AboutSection#validate_paragraph3</h3><table class='table-bordered result'><tr><th class='invisible'/></tr></table><p class='totop'><a href='#summary'>back to summary</a></p>
<h3 id='m'12'>'portfolio.testng.tests.test_ContactSection#validate_contactForm</h3><table class='table-bordered result'><tr><th class='invisible'/></tr></table><p class='totop'><a href='#summary'>back to summary</a></p>
<h3 id='m'13'>'portfolio.testng.tests.test_HomeSection#validate_Title</h3><table class='table-bordered result'><tr><th class='invisible'/></tr></table><p class='totop'><a href='#summary'>back to summary</a></p>
<h3 id='m'14'>'portfolio.testng.tests.test_HomeSection#validate_githubButton</h3><table class='table-bordered result'><tr><th class='invisible'/></tr></table><p class='totop'><a href='#summary'>back to summary</a></p>
<h3 id='m'15'>'portfolio.testng.tests.test_HomeSection#validate_navbarButtons</h3><table class='table-bordered result'><tr><th class='invisible'/></tr></table><p class='totop'><a href='#summary'>back to summary</a></p>
<h3 id='m'16'>'portfolio.testng.tests.test_HomeSection#validate_profilePic</h3><table class='table-bordered result'><tr><th class='invisible'/></tr></table><p class='totop'><a href='#summary'>back to summary</a></p>
<h3 id='m'17'>'portfolio.testng.tests.test_ProjectsSection#validate_portfolioProjectCard</h3><table class='table-bordered result'><tr><th class='invisible'/></tr></table><p class='totop'><a href='#summary'>back to summary</a></p>
<h3 id='m'18'>'portfolio.testng.tests.test_SkillsSection#skills_page_test</h3><table class='table-bordered result'><tr><th class='invisible'/></tr></table><p class='totop'><a href='#summary'>back to summary</a></p>
</body>
</html>
